::1 - - [21/Feb/2024:19:25:39 +0000] "GET /api/v1/employee/getById/3 HTTP/1.1" 304 - "-" "Mozilla/5.0 (Windows NT 10.0; Win64; x64) AppleWebKit/537.36 (KHTML, like Gecko) Chrome/121.0.0.0 Safari/537.36"
::1 - - [21/Feb/2024:19:26:28 +0000] "GET /api/v1/employee/getById/3 HTTP/1.1" 304 - "-" "Mozilla/5.0 (Windows NT 10.0; Win64; x64) AppleWebKit/537.36 (KHTML, like Gecko) Chrome/121.0.0.0 Safari/537.36"
::1 - - [21/Feb/2024:19:26:31 +0000] "GET /api/v1/employee/getById/3 HTTP/1.1" 304 - "-" "Mozilla/5.0 (Windows NT 10.0; Win64; x64) AppleWebKit/537.36 (KHTML, like Gecko) Chrome/121.0.0.0 Safari/537.36"
::1 - - [21/Feb/2024:19:26:43 +0000] "GET /api/v1/employee/getById/3 HTTP/1.1" 304 - "-" "Mozilla/5.0 (Windows NT 10.0; Win64; x64) AppleWebKit/537.36 (KHTML, like Gecko) Chrome/121.0.0.0 Safari/537.36"
::1 - - [21/Feb/2024:19:26:45 +0000] "GET /api/v1/employee/getById/3 HTTP/1.1" 304 - "-" "Mozilla/5.0 (Windows NT 10.0; Win64; x64) AppleWebKit/537.36 (KHTML, like Gecko) Chrome/121.0.0.0 Safari/537.36"
::1 - - [21/Feb/2024:19:27:03 +0000] "GET /api/v1/employee/getById/3 HTTP/1.1" 304 - "-" "PostmanRuntime/7.36.3"
::1 - - [21/Feb/2024:19:27:18 +0000] "GET /api/v1/employee/getById/3 HTTP/1.1" 200 221 "-" "PostmanRuntime/7.36.3"
::1 - - [21/Feb/2024:19:27:46 +0000] "POST /api/v1/employee/add HTTP/1.1" 400 62 "-" "PostmanRuntime/7.36.3"
::1 - - [21/Feb/2024:19:27:57 +0000] "POST /api/v1/employee/add HTTP/1.1" 500 42 "-" "PostmanRuntime/7.36.3"
::1 - - [21/Feb/2024:19:28:13 +0000] "POST /api/v1/employee/add HTTP/1.1" 500 42 "-" "PostmanRuntime/7.36.3"
::1 - - [21/Feb/2024:19:29:12 +0000] "POST /api/v1/employee/add HTTP/1.1" 500 42 "-" "PostmanRuntime/7.36.3"
::1 - - [21/Feb/2024:19:29:27 +0000] "POST /api/v1/employee/add HTTP/1.1" 500 42 "-" "PostmanRuntime/7.36.3"
::1 - - [21/Feb/2024:19:29:28 +0000] "POST /api/v1/employee/add HTTP/1.1" 500 42 "-" "PostmanRuntime/7.36.3"
::1 - - [21/Feb/2024:19:29:37 +0000] "POST /api/v1/employee/add HTTP/1.1" 500 42 "-" "PostmanRuntime/7.36.3"
::1 - - [21/Feb/2024:19:30:36 +0000] "POST /api/v1/employee/add HTTP/1.1" 500 42 "-" "PostmanRuntime/7.36.3"
::1 - - [21/Feb/2024:19:30:57 +0000] "POST /api/v1/employee/add HTTP/1.1" 500 42 "-" "PostmanRuntime/7.36.3"
::1 - - [21/Feb/2024:19:32:03 +0000] "POST /api/v1/employee/add HTTP/1.1" 500 42 "-" "PostmanRuntime/7.36.3"
::1 - - [21/Feb/2024:19:32:25 +0000] "POST /api/v1/employee/add HTTP/1.1" 500 42 "-" "PostmanRuntime/7.36.3"
::1 - - [21/Feb/2024:19:32:49 +0000] "POST /api/v1/employee/add HTTP/1.1" 500 42 "-" "PostmanRuntime/7.36.3"
::1 - - [21/Feb/2024:19:33:15 +0000] "POST /api/v1/employee/add HTTP/1.1" 500 42 "-" "PostmanRuntime/7.36.3"
::1 - - [21/Feb/2024:19:33:38 +0000] "POST /api/v1/employee/add HTTP/1.1" 500 42 "-" "PostmanRuntime/7.36.3"
::1 - - [21/Feb/2024:19:33:55 +0000] "POST /api/v1/employee/add HTTP/1.1" 500 42 "-" "PostmanRuntime/7.36.3"
::1 - - [21/Feb/2024:19:34:29 +0000] "POST /api/v1/employee/add HTTP/1.1" 201 198 "-" "PostmanRuntime/7.36.3"
::1 - - [21/Feb/2024:19:34:54 +0000] "POST /api/v1/employee/add HTTP/1.1" 201 198 "-" "PostmanRuntime/7.36.3"
::1 - - [21/Feb/2024:19:35:07 +0000] "GET /api/v1/employee/getById/22 HTTP/1.1" 200 198 "-" "PostmanRuntime/7.36.3"
::1 - - [21/Feb/2024:19:35:27 +0000] "GET /api/v1/employee/getAll HTTP/1.1" 200 3452 "-" "PostmanRuntime/7.36.3"
::1 - - [21/Feb/2024:19:35:33 +0000] "GET /api/v1/employee/getAll HTTP/1.1" 200 3452 "-" "PostmanRuntime/7.36.3"
::1 - - [21/Feb/2024:19:35:54 +0000] "GET /api/v1/employee/getById/23 HTTP/1.1" 200 198 "-" "PostmanRuntime/7.36.3"
::1 - - [21/Feb/2024:19:36:23 +0000] "POST /api/v1/employee/add HTTP/1.1" 201 198 "-" "PostmanRuntime/7.36.3"
::1 - - [22/Feb/2024:05:26:58 +0000] "DELETE /api/v1/employee/delete/1 HTTP/1.1" 404 38 "-" "PostmanRuntime/7.36.3"
::1 - - [22/Feb/2024:05:27:02 +0000] "DELETE /api/v1/employee/delete/2 HTTP/1.1" 404 38 "-" "PostmanRuntime/7.36.3"
::1 - - [22/Feb/2024:05:27:04 +0000] "DELETE /api/v1/employee/delete/3 HTTP/1.1" 200 58 "-" "PostmanRuntime/7.36.3"
::1 - - [22/Feb/2024:05:39:15 +0000] "DELETE /api/v1/employee/3 HTTP/1.1" 404 38 "-" "PostmanRuntime/7.36.3"
::1 - - [22/Feb/2024:05:39:18 +0000] "DELETE /api/v1/employee/4 HTTP/1.1" 200 58 "-" "PostmanRuntime/7.36.3"
::1 - - [22/Feb/2024:05:39:26 +0000] "GET /api/v1/employee/1 HTTP/1.1" 404 38 "-" "PostmanRuntime/7.36.3"
::1 - - [22/Feb/2024:05:39:29 +0000] "GET /api/v1/employee/12 HTTP/1.1" 200 208 "-" "PostmanRuntime/7.36.3"
::1 - - [22/Feb/2024:05:39:32 +0000] "GET /api/v1/employee HTTP/1.1" 200 3264 "-" "PostmanRuntime/7.36.3"
::1 - - [22/Feb/2024:05:39:35 +0000] "GET /api/v1/employee/1 HTTP/1.1" 404 38 "-" "PostmanRuntime/7.36.3"
::1 - - [22/Feb/2024:05:39:37 +0000] "GET /api/v1/employee/13 HTTP/1.1" 200 207 "-" "PostmanRuntime/7.36.3"
::1 - - [22/Feb/2024:05:45:21 +0000] "GET /api/v1/department/ HTTP/1.1" 200 44 "-" "PostmanRuntime/7.36.3"
::1 - - [22/Feb/2024:05:46:39 +0000] "GET /api/v1/department/ HTTP/1.1" 200 44 "-" "PostmanRuntime/7.36.3"
::1 - - [22/Feb/2024:05:46:53 +0000] "GET /api/v1/department/ HTTP/1.1" 200 44 "-" "PostmanRuntime/7.36.3"
::1 - - [22/Feb/2024:05:47:07 +0000] "GET /api/v1/department/ HTTP/1.1" 200 44 "-" "PostmanRuntime/7.36.3"
::1 - - [22/Feb/2024:05:47:39 +0000] "GET /api/v1/department/ HTTP/1.1" 200 44 "-" "PostmanRuntime/7.36.3"
::1 - - [22/Feb/2024:05:47:56 +0000] "GET /api/v1/department/ HTTP/1.1" 200 58 "-" "PostmanRuntime/7.36.3"
::1 - - [22/Feb/2024:05:48:18 +0000] "GET /api/v1/department/ HTTP/1.1" 200 58 "-" "PostmanRuntime/7.36.3"
